<?xml version="1.0" encoding="UTF-8"?>
<!-- Generated by org.testng.reporters.JUnitXMLReporter -->
<testsuite ignored="0" hostname="Khosruz" failures="0" tests="3" name="Run with Firefox Browser" time="61.457" errors="0" timestamp="2024-03-11T17:02:31 EDT">
  <testcase classname="testPage.HomePageTests" name="logoTest" time="0.035"/>
  <testcase classname="testPage.HomePageTests" name="titleTest" time="0.013"/>
  <testcase classname="testPage.HomePageTests" name="footerManue" time="0.046"/>
</testsuite> <!-- Run with Firefox Browser -->
