<?xml version="1.0" encoding="UTF-8"?>
<!-- Generated by org.testng.reporters.JUnitXMLReporter -->
<testsuite ignored="0" hostname="Khosruz" failures="0" tests="3" name="Run with Firefox Browser" time="36.607" errors="0" timestamp="2024-02-24T15:02:07 EST">
  <testcase classname="testPage.HomePageTests" name="footerManue" time="0.047"/>
  <testcase classname="testPage.HomePageTests" name="logoTest" time="0.055"/>
  <testcase classname="testPage.HomePageTests" name="titleTest" time="0.025"/>
</testsuite> <!-- Run with Firefox Browser -->
