<?xml version="1.0" encoding="UTF-8"?>
<!-- Generated by org.testng.reporters.JUnitXMLReporter -->
<testsuite ignored="0" hostname="Khosruz" failures="0" tests="3" name="Run with Chrome Browser" time="60.553" errors="0" timestamp="2024-03-11T17:01:29 EDT">
  <testcase classname="testPage.HomePageTests" name="logoTest" time="0.097"/>
  <testcase classname="testPage.HomePageTests" name="titleTest" time="0.004"/>
  <testcase classname="testPage.HomePageTests" name="footerManue" time="0.043"/>
</testsuite> <!-- Run with Chrome Browser -->
