<?xml version="1.0" encoding="UTF-8"?>
<!-- Generated by org.testng.reporters.JUnitXMLReporter -->
<testsuite ignored="1" hostname="Khosruz" failures="0" tests="2" name="Run with Chrome Browser" time="11.534" errors="0" timestamp="2024-02-24T15:17:55 EST">
  <testcase classname="testPage.HomePageTests" name="logoTest" time="0.076"/>
  <testcase classname="testPage.HomePageTests" name="footerManue" time="0.036"/>
  <testcase classname="testPage.HomePageTests" name="titleTest" time="0.0">
    <ignored/>
  </testcase> <!-- titleTest -->
</testsuite> <!-- Run with Chrome Browser -->
