<?xml version="1.0" encoding="UTF-8"?>
<!-- Generated by org.testng.reporters.JUnitXMLReporter -->
<testsuite ignored="0" hostname="Khosruz" failures="0" tests="3" name="Run with Chrome Browser" time="33.352" errors="0" timestamp="2024-02-27T13:18:49 EST">
  <testcase classname="testPage.HomePageTests" name="logoTest" time="0.071"/>
  <testcase classname="testPage.HomePageTests" name="titleTest" time="0.005"/>
  <testcase classname="testPage.HomePageTests" name="footerManue" time="0.04"/>
</testsuite> <!-- Run with Chrome Browser -->
