<?xml version="1.0" encoding="UTF-8"?>
<testsuite xmlns:xsi="http://www.w3.org/2001/XMLSchema-instance" xsi:noNamespaceSchemaLocation="https://maven.apache.org/surefire/maven-surefire-plugin/xsd/surefire-test-report.xsd" name="TestSuite" time="71.699" tests="6" errors="0" skipped="0" failures="0">
  <properties>
[...]
</properties>
  <testcase name="logoTest" classname="testPage.HomePageTests" time="0.098"/>
  <testcase name="logoTest" classname="testPage.HomePageTests" time="0.071"/>
  <testcase name="titleTest" classname="testPage.HomePageTests" time="0.005"/>
  <testcase name="titleTest" classname="testPage.HomePageTests" time="0.009"/>
  <testcase name="footerManue" classname="testPage.HomePageTests" time="0.06"/>
  <testcase name="footerManue" classname="testPage.HomePageTests" time="0.063"/>
</testsuite>