<?xml version="1.0" encoding="UTF-8"?>
<testsuite xmlns:xsi="http://www.w3.org/2001/XMLSchema-instance" xsi:noNamespaceSchemaLocation="https://maven.apache.org/surefire/maven-surefire-plugin/xsd/surefire-test-report.xsd" name="TestSuite" time="47.459" tests="6" errors="0" skipped="0" failures="0">
  <properties>
[...]
</properties>
  <testcase name="logoTest" classname="testPage.HomePageTests" time="0.102"/>
  <testcase name="logoTest" classname="testPage.HomePageTests" time="0.035"/>
  <testcase name="titleTest" classname="testPage.HomePageTests" time="0.005"/>
  <testcase name="titleTest" classname="testPage.HomePageTests" time="0.011"/>
  <testcase name="footerManue" classname="testPage.HomePageTests" time="0.035"/>
  <testcase name="footerManue" classname="testPage.HomePageTests" time="0.043"/>
</testsuite>