<?xml version="1.0" encoding="UTF-8"?>
<testng-results ignored="0" total="6" passed="6" failed="0" skipped="0">
  <reporter-output>
  </reporter-output>
  <suite started-at="2024-03-11T17:00:29 EDT" name="Suite" finished-at="2024-03-11T17:02:31 EDT" duration-ms="122030">
    <groups>
    </groups>
    <test started-at="2024-03-11T17:00:29 EDT" name="Run with Chrome Browser" finished-at="2024-03-11T17:01:29 EDT" duration-ms="60553">
      <class name="testPage.HomePageTests">
        <test-method is-config="true" signature="setup(java.lang.String)[pri:0, instance:testPage.HomePageTests@6d4d66d2]" started-at="2024-03-11T17:00:29 EDT" name="setup" finished-at="2024-03-11T17:00:42 EDT" duration-ms="13184" status="PASS">
          <params>
            <param index="0">
              <value>
                <![CDATA[firefox]]>
              </value>
            </param>
          </params>
          <reporter-output>
          </reporter-output>
        </test-method> <!-- setup -->
        <test-method signature="logoTest()[pri:1, instance:testPage.HomePageTests@6d4d66d2]" started-at="2024-03-11T17:00:42 EDT" name="logoTest" finished-at="2024-03-11T17:00:42 EDT" duration-ms="97" status="PASS">
          <reporter-output>
          </reporter-output>
        </test-method> <!-- logoTest -->
        <test-method is-config="true" signature="closeBrowser()[pri:0, instance:testPage.HomePageTests@6d4d66d2]" started-at="2024-03-11T17:00:42 EDT" name="closeBrowser" finished-at="2024-03-11T17:00:43 EDT" duration-ms="916" status="PASS">
          <reporter-output>
          </reporter-output>
        </test-method> <!-- closeBrowser -->
        <test-method is-config="true" signature="setup(java.lang.String)[pri:0, instance:testPage.HomePageTests@6d4d66d2]" started-at="2024-03-11T17:00:43 EDT" name="setup" finished-at="2024-03-11T17:01:06 EDT" duration-ms="22502" status="PASS">
          <params>
            <param index="0">
              <value>
                <![CDATA[firefox]]>
              </value>
            </param>
          </params>
          <reporter-output>
          </reporter-output>
        </test-method> <!-- setup -->
        <test-method signature="titleTest()[pri:2, instance:testPage.HomePageTests@6d4d66d2]" started-at="2024-03-11T17:01:06 EDT" name="titleTest" finished-at="2024-03-11T17:01:06 EDT" duration-ms="4" status="PASS">
          <reporter-output>
          </reporter-output>
        </test-method> <!-- titleTest -->
        <test-method is-config="true" signature="closeBrowser()[pri:0, instance:testPage.HomePageTests@6d4d66d2]" started-at="2024-03-11T17:01:06 EDT" name="closeBrowser" finished-at="2024-03-11T17:01:06 EDT" duration-ms="753" status="PASS">
          <reporter-output>
          </reporter-output>
        </test-method> <!-- closeBrowser -->
        <test-method is-config="true" signature="setup(java.lang.String)[pri:0, instance:testPage.HomePageTests@6d4d66d2]" started-at="2024-03-11T17:01:06 EDT" name="setup" finished-at="2024-03-11T17:01:29 EDT" duration-ms="22215" status="PASS">
          <params>
            <param index="0">
              <value>
                <![CDATA[firefox]]>
              </value>
            </param>
          </params>
          <reporter-output>
          </reporter-output>
        </test-method> <!-- setup -->
        <test-method signature="footerManue()[pri:3, instance:testPage.HomePageTests@6d4d66d2]" started-at="2024-03-11T17:01:29 EDT" name="footerManue" finished-at="2024-03-11T17:01:29 EDT" duration-ms="43" status="PASS">
          <reporter-output>
          </reporter-output>
        </test-method> <!-- footerManue -->
        <test-method is-config="true" signature="closeBrowser()[pri:0, instance:testPage.HomePageTests@6d4d66d2]" started-at="2024-03-11T17:01:29 EDT" name="closeBrowser" finished-at="2024-03-11T17:01:29 EDT" duration-ms="792" status="PASS">
          <reporter-output>
          </reporter-output>
        </test-method> <!-- closeBrowser -->
      </class> <!-- testPage.HomePageTests -->
    </test> <!-- Run with Chrome Browser -->
    <test started-at="2024-03-11T17:01:29 EDT" name="Run with Firefox Browser" finished-at="2024-03-11T17:02:31 EDT" duration-ms="61457">
      <class name="testPage.HomePageTests">
        <test-method is-config="true" signature="setup(java.lang.String)[pri:0, instance:testPage.HomePageTests@24569dba]" started-at="2024-03-11T17:01:29 EDT" name="setup" finished-at="2024-03-11T17:02:11 EDT" duration-ms="41615" status="PASS">
          <params>
            <param index="0">
              <value>
                <![CDATA[firefox]]>
              </value>
            </param>
          </params>
          <reporter-output>
          </reporter-output>
        </test-method> <!-- setup -->
        <test-method signature="logoTest()[pri:1, instance:testPage.HomePageTests@24569dba]" started-at="2024-03-11T17:02:11 EDT" name="logoTest" finished-at="2024-03-11T17:02:11 EDT" duration-ms="35" status="PASS">
          <reporter-output>
          </reporter-output>
        </test-method> <!-- logoTest -->
        <test-method is-config="true" signature="closeBrowser()[pri:0, instance:testPage.HomePageTests@24569dba]" started-at="2024-03-11T17:02:11 EDT" name="closeBrowser" finished-at="2024-03-11T17:02:12 EDT" duration-ms="941" status="PASS">
          <reporter-output>
          </reporter-output>
        </test-method> <!-- closeBrowser -->
        <test-method is-config="true" signature="setup(java.lang.String)[pri:0, instance:testPage.HomePageTests@24569dba]" started-at="2024-03-11T17:02:12 EDT" name="setup" finished-at="2024-03-11T17:02:22 EDT" duration-ms="9451" status="PASS">
          <params>
            <param index="0">
              <value>
                <![CDATA[firefox]]>
              </value>
            </param>
          </params>
          <reporter-output>
          </reporter-output>
        </test-method> <!-- setup -->
        <test-method signature="titleTest()[pri:2, instance:testPage.HomePageTests@24569dba]" started-at="2024-03-11T17:02:22 EDT" name="titleTest" finished-at="2024-03-11T17:02:22 EDT" duration-ms="13" status="PASS">
          <reporter-output>
          </reporter-output>
        </test-method> <!-- titleTest -->
        <test-method is-config="true" signature="closeBrowser()[pri:0, instance:testPage.HomePageTests@24569dba]" started-at="2024-03-11T17:02:22 EDT" name="closeBrowser" finished-at="2024-03-11T17:02:23 EDT" duration-ms="1137" status="PASS">
          <reporter-output>
          </reporter-output>
        </test-method> <!-- closeBrowser -->
        <test-method is-config="true" signature="setup(java.lang.String)[pri:0, instance:testPage.HomePageTests@24569dba]" started-at="2024-03-11T17:02:23 EDT" name="setup" finished-at="2024-03-11T17:02:30 EDT" duration-ms="7408" status="PASS">
          <params>
            <param index="0">
              <value>
                <![CDATA[firefox]]>
              </value>
            </param>
          </params>
          <reporter-output>
          </reporter-output>
        </test-method> <!-- setup -->
        <test-method signature="footerManue()[pri:3, instance:testPage.HomePageTests@24569dba]" started-at="2024-03-11T17:02:30 EDT" name="footerManue" finished-at="2024-03-11T17:02:30 EDT" duration-ms="46" status="PASS">
          <reporter-output>
          </reporter-output>
        </test-method> <!-- footerManue -->
        <test-method is-config="true" signature="closeBrowser()[pri:0, instance:testPage.HomePageTests@24569dba]" started-at="2024-03-11T17:02:30 EDT" name="closeBrowser" finished-at="2024-03-11T17:02:31 EDT" duration-ms="803" status="PASS">
          <reporter-output>
          </reporter-output>
        </test-method> <!-- closeBrowser -->
      </class> <!-- testPage.HomePageTests -->
    </test> <!-- Run with Firefox Browser -->
  </suite> <!-- Suite -->
</testng-results>
